`oThe goblin Hits you`
`gYou hit the goblin`
`oThe goblin Hits you`
`gYou hit the goblin`
`oThe goblin Hits you`
`oYou miss the goblin`
`oThe goblin Hits you`
`gYou hit the goblin`
`cThe goblin has Died!`
`oThe goblin Hits you`
`gYou hit the goblin`
`oThe goblin Hits you`
`gYou hit the goblin`
`oThe goblin Hits you`
`gYou hit the goblin`
`cThe goblin has Died!`
`cYou Level up!!!`
`gYou hit the Kobold`
`oThe Kobold Hits you`
`gYou hit the Kobold`
`oThe Kobold Hits you`
`gYou hit the Kobold`
`oThe Kobold Hits you`
`oYou miss the Kobold`
`oThe Kobold Hits you`
`gYou hit the Kobold`
`oThe Kobold Hits you`
`oYou miss the Kobold`
`bthe Kobold misses you!`
`gYou hit the Kobold`
`cThe Kobold has Died!`

